C:\USERS\ISE\DESKTOP\INJECTION\INJECTOR\DEBUG\INJECTOR.PCH
C:\USERS\ISE\DESKTOP\INJECTION\INJECTOR\DEBUG\STDAFX.OBJ
C:\USERS\ISE\DESKTOP\INJECTION\INJECTOR\DEBUG\VC110.PDB
C:\USERS\ISE\DESKTOP\INJECTION\INJECTOR\DEBUG\INJECTOR.OBJ
C:\USERS\ISE\DESKTOP\INJECTION\DEBUG\INJECTOR.ILK
C:\USERS\ISE\DESKTOP\INJECTION\DEBUG\INJECTOR.EXE
C:\USERS\ISE\DESKTOP\INJECTION\DEBUG\INJECTOR.PDB
C:\Users\ISE\Desktop\injection\injector\Debug\injector.obj
C:\Users\ISE\Desktop\injection\injector\Debug\stdafx.obj
C:\Users\ISE\Desktop\injection\injector\Debug\cl.command.1.tlog
C:\Users\ISE\Desktop\injection\injector\Debug\CL.read.1.tlog
C:\Users\ISE\Desktop\injection\injector\Debug\CL.write.1.tlog
C:\Users\ISE\Desktop\injection\injector\Debug\link-cvtres.read.1.tlog
C:\Users\ISE\Desktop\injection\injector\Debug\link-cvtres.write.1.tlog
C:\Users\ISE\Desktop\injection\injector\Debug\link-rc.read.1.tlog
C:\Users\ISE\Desktop\injection\injector\Debug\link-rc.write.1.tlog
C:\Users\ISE\Desktop\injection\injector\Debug\link.command.1.tlog
C:\Users\ISE\Desktop\injection\injector\Debug\link.read.1.tlog
C:\Users\ISE\Desktop\injection\injector\Debug\link.write.1.tlog
C:\Users\ISE\Desktop\injection\injector\Debug\injector.pch
C:\Users\ISE\Desktop\injection\injector\Debug\vc110.idb
C:\Users\ISE\Desktop\injection\injector\Debug\vc110.pdb
C:\Users\ISE\Desktop\injection\Debug\injector.pdb
C:\Users\ISE\Desktop\injection\Debug\injector.exe
C:\Users\ISE\Desktop\injection\Debug\injector.ilk
