C:\USERS\ISE\DESKTOP\INJECTION\INJECTOR-2\DEBUG\INJECTOR-2.PCH
C:\USERS\ISE\DESKTOP\INJECTION\INJECTOR-2\DEBUG\STDAFX.OBJ
C:\USERS\ISE\DESKTOP\INJECTION\INJECTOR-2\DEBUG\VC110.PDB
C:\USERS\ISE\DESKTOP\INJECTION\INJECTOR-2\DEBUG\INJECTOR-2.OBJ
C:\USERS\ISE\DESKTOP\INJECTION\DEBUG\INJECTOR-2.ILK
C:\USERS\ISE\DESKTOP\INJECTION\DEBUG\INJECTOR-2.EXE
C:\USERS\ISE\DESKTOP\INJECTION\DEBUG\INJECTOR-2.PDB
C:\Users\ISE\Desktop\injection\injector-2\Debug\injector-2.obj
C:\Users\ISE\Desktop\injection\injector-2\Debug\stdafx.obj
C:\Users\ISE\Desktop\injection\injector-2\Debug\cl.command.1.tlog
C:\Users\ISE\Desktop\injection\injector-2\Debug\CL.read.1.tlog
C:\Users\ISE\Desktop\injection\injector-2\Debug\CL.write.1.tlog
C:\Users\ISE\Desktop\injection\injector-2\Debug\link-cvtres.read.1.tlog
C:\Users\ISE\Desktop\injection\injector-2\Debug\link-cvtres.write.1.tlog
C:\Users\ISE\Desktop\injection\injector-2\Debug\link-rc.read.1.tlog
C:\Users\ISE\Desktop\injection\injector-2\Debug\link-rc.write.1.tlog
C:\Users\ISE\Desktop\injection\injector-2\Debug\link.3836-cvtres.read.1.tlog
C:\Users\ISE\Desktop\injection\injector-2\Debug\link.3836-cvtres.write.1.tlog
C:\Users\ISE\Desktop\injection\injector-2\Debug\link.3836-rc.read.1.tlog
C:\Users\ISE\Desktop\injection\injector-2\Debug\link.3836-rc.write.1.tlog
C:\Users\ISE\Desktop\injection\injector-2\Debug\link.3836.read.1.tlog
C:\Users\ISE\Desktop\injection\injector-2\Debug\link.3836.write.1.tlog
C:\Users\ISE\Desktop\injection\injector-2\Debug\link.command.1.tlog
C:\Users\ISE\Desktop\injection\injector-2\Debug\link.read.1.tlog
C:\Users\ISE\Desktop\injection\injector-2\Debug\link.write.1.tlog
C:\Users\ISE\Desktop\injection\injector-2\Debug\injector-2.pch
C:\Users\ISE\Desktop\injection\injector-2\Debug\vc110.idb
C:\Users\ISE\Desktop\injection\injector-2\Debug\vc110.pdb
C:\Users\ISE\Desktop\injection\Debug\injector-2.pdb
C:\Users\ISE\Desktop\injection\Debug\injector-2.exe
C:\Users\ISE\Desktop\injection\Debug\injector-2.ilk
